
> @dfinity/oisy-wallet@0.23.0 e2e:snapshots:dev
> npm run playwright:install && NODE_ENV=development npx playwright test --update-snapshots --reporter=list


> @dfinity/oisy-wallet@0.23.0 playwright:install
> playwright install --with-deps

Installing dependencies...
Switching to root user to install dependencies...
Get:1 https://dl.google.com/linux/chrome/deb stable InRelease [1825 B]
Get:2 https://dl.google.com/linux/chrome/deb stable/main amd64 Packages [1208 B]
Hit:3 https://deb.nodesource.com/node_22.x nodistro InRelease
Hit:4 http://archive.ubuntu.com/ubuntu noble InRelease
Get:5 http://security.ubuntu.com/ubuntu noble-security InRelease [126 kB]
Get:6 http://archive.ubuntu.com/ubuntu noble-updates InRelease [126 kB]
Get:7 http://security.ubuntu.com/ubuntu noble-security/main amd64 Components [8964 B]
Get:8 http://archive.ubuntu.com/ubuntu noble-backports InRelease [126 kB]
Get:9 http://security.ubuntu.com/ubuntu noble-security/universe amd64 Components [51.9 kB]
Get:10 http://security.ubuntu.com/ubuntu noble-security/restricted amd64 Components [208 B]
Get:11 http://security.ubuntu.com/ubuntu noble-security/multiverse amd64 Components [208 B]
Get:12 http://archive.ubuntu.com/ubuntu noble-updates/main amd64 Packages [853 kB]
Get:13 http://archive.ubuntu.com/ubuntu noble-updates/main amd64 Components [150 kB]
Get:14 http://archive.ubuntu.com/ubuntu noble-updates/universe amd64 Packages [1012 kB]
Get:15 http://archive.ubuntu.com/ubuntu noble-updates/universe amd64 Components [363 kB]
Get:16 http://archive.ubuntu.com/ubuntu noble-updates/restricted amd64 Components [212 B]
Get:17 http://archive.ubuntu.com/ubuntu noble-updates/multiverse amd64 Components [940 B]
Get:18 http://archive.ubuntu.com/ubuntu noble-backports/main amd64 Components [208 B]
Get:19 http://archive.ubuntu.com/ubuntu noble-backports/universe amd64 Components [17.7 kB]
Get:20 http://archive.ubuntu.com/ubuntu noble-backports/restricted amd64 Components [212 B]
Get:21 http://archive.ubuntu.com/ubuntu noble-backports/multiverse amd64 Components [212 B]
Fetched 2840 kB in 2s (1212 kB/s)
Reading package lists...
Reading package lists...
Building dependency tree...
Reading state information...
libasound2t64 is already the newest version (1.2.11-1build2).
libatk-bridge2.0-0t64 is already the newest version (2.52.0-1build1).
libatk1.0-0t64 is already the newest version (2.52.0-1build1).
libatspi2.0-0t64 is already the newest version (2.52.0-1build1).
libcairo2 is already the newest version (1.18.0-3build1).
libcups2t64 is already the newest version (2.4.7-1.2ubuntu7.3).
libdbus-1-3 is already the newest version (1.14.10-4ubuntu4.1).
libdrm2 is already the newest version (2.4.122-1~ubuntu0.24.04.1).
libgbm1 is already the newest version (24.2.8-1ubuntu1~24.04.1).
libglib2.0-0t64 is already the newest version (2.80.0-6ubuntu3.2).
libnspr4 is already the newest version (2:4.35-1.1build1).
libnss3 is already the newest version (2:3.98-1build1).
libpango-1.0-0 is already the newest version (1.52.1+ds-1build1).
libx11-6 is already the newest version (2:1.8.7-1build1).
libxcb1 is already the newest version (1.15-1ubuntu2).
libxcomposite1 is already the newest version (1:0.4.5-1build3).
libxdamage1 is already the newest version (1:1.1.6-1build1).
libxext6 is already the newest version (2:1.3.4-1build2).
libxfixes3 is already the newest version (1:6.0.0-2build1).
libxkbcommon0 is already the newest version (1.6.0-1build1).
libxrandr2 is already the newest version (2:1.5.2-2build1).
libcairo-gobject2 is already the newest version (1.18.0-3build1).
libfontconfig1 is already the newest version (2.15.0-1.1ubuntu2).
libfreetype6 is already the newest version (2.13.2+dfsg-1build3).
libgdk-pixbuf-2.0-0 is already the newest version (2.42.10+dfsg-3ubuntu3.1).
libgtk-3-0t64 is already the newest version (3.24.41-4ubuntu1.2).
libpangocairo-1.0-0 is already the newest version (1.52.1+ds-1build1).
libx11-xcb1 is already the newest version (2:1.8.7-1build1).
libxcb-shm0 is already the newest version (1.15-1ubuntu2).
libxcursor1 is already the newest version (1:1.2.1-1build1).
libxi6 is already the newest version (2:1.8.1-1build1).
libxrender1 is already the newest version (1:0.9.10-1.1build1).
gstreamer1.0-libav is already the newest version (1.24.1-1build1).
gstreamer1.0-plugins-bad is already the newest version (1.24.2-1ubuntu4).
gstreamer1.0-plugins-base is already the newest version (1.24.2-1ubuntu0.2).
gstreamer1.0-plugins-good is already the newest version (1.24.2-1ubuntu1.1).
libicu74 is already the newest version (74.2-1ubuntu3.1).
libatomic1 is already the newest version (14.2.0-4ubuntu2~24.04).
libenchant-2-2 is already the newest version (2.3.3-2build2).
libepoxy0 is already the newest version (1.5.10-1build1).
libevent-2.1-7t64 is already the newest version (2.1.12-stable-9ubuntu2).
libflite1 is already the newest version (2.2-6build3).
libgles2 is already the newest version (1.7.0-1build1).
libgstreamer-gl1.0-0 is already the newest version (1.24.2-1ubuntu0.2).
libgstreamer-plugins-bad1.0-0 is already the newest version (1.24.2-1ubuntu4).
libgstreamer-plugins-base1.0-0 is already the newest version (1.24.2-1ubuntu0.2).
libgstreamer1.0-0 is already the newest version (1.24.2-1ubuntu0.1).
libharfbuzz-icu0 is already the newest version (8.3.0-2build2).
libharfbuzz0b is already the newest version (8.3.0-2build2).
libhyphen0 is already the newest version (2.8.8-7build3).
libjpeg-turbo8 is already the newest version (2.1.5-2ubuntu2).
liblcms2-2 is already the newest version (2.14-2build1).
libmanette-0.2-0 is already the newest version (0.2.7-1build2).
libopus0 is already the newest version (1.4-1build1).
libpng16-16t64 is already the newest version (1.6.43-5build1).
libsecret-1-0 is already the newest version (0.21.4-1build3).
libvpx9 is already the newest version (1.14.0-1ubuntu2.1).
libwayland-client0 is already the newest version (1.22.0-2.1build1).
libwayland-egl1 is already the newest version (1.22.0-2.1build1).
libwayland-server0 is already the newest version (1.22.0-2.1build1).
libwebp7 is already the newest version (1.3.2-0.4build3).
libwebpdemux2 is already the newest version (1.3.2-0.4build3).
libwoff1 is already the newest version (1.0.2-2build1).
libxml2 is already the newest version (2.9.14+dfsg-1.3ubuntu3.1).
libxslt1.1 is already the newest version (1.1.39-0exp1build1).
libx264-164 is already the newest version (2:0.164.3108+git31e19f9-1).
libavif16 is already the newest version (1.0.4-1ubuntu3).
xvfb is already the newest version (2:21.1.12-1ubuntu1.1).
fonts-noto-color-emoji is already the newest version (2.042-1).
fonts-unifont is already the newest version (1:15.1.01-1build1).
xfonts-cyrillic is already the newest version (1:1.0.5+nmu1).
xfonts-scalable is already the newest version (1:1.0.3-1.3).
fonts-liberation is already the newest version (1:2.1.5-3).
fonts-ipafont-gothic is already the newest version (00303-21ubuntu1).
fonts-wqy-zenhei is already the newest version (0.9.45-8).
fonts-tlwg-loma-otf is already the newest version (1:0.7.3-1).
fonts-freefont-ttf is already the newest version (20211204+svn4273-2).
The following package was automatically installed and is no longer required:
  libllvm17t64
Use 'sudo apt autoremove' to remove it.
0 upgraded, 0 newly installed, 0 to remove and 17 not upgraded.

Running 60 tests using 5 workers

